RigidbodyCreation.obj : error LNK2001: unresolved external symbol "public: virtual class b2Shape * __cdecl b2CircleShape::Clone(class b2BlockAllocator *)const " (?Clone@b2CircleShape@@UEBAPEAVb2Shape@@PEAVb2BlockAllocator@@@Z)
RigidbodyCreation.obj : error LNK2001: unresolved external symbol "public: virtual int __cdecl b2CircleShape::GetChildCount(void)const " (?GetChildCount@b2CircleShape@@UEBAHXZ)
RigidbodyCreation.obj : error LNK2001: unresolved external symbol "public: virtual bool __cdecl b2CircleShape::TestPoint(struct b2Transform const &,struct b2Vec2 const &)const " (?TestPoint@b2CircleShape@@UEBA_NAEBUb2Transform@@AEBUb2Vec2@@@Z)
RigidbodyCreation.obj : error LNK2001: unresolved external symbol "public: virtual bool __cdecl b2CircleShape::RayCast(struct b2RayCastOutput *,struct b2RayCastInput const &,struct b2Transform const &,int)const " (?RayCast@b2CircleShape@@UEBA_NPEAUb2RayCastOutput@@AEBUb2RayCastInput@@AEBUb2Transform@@H@Z)
RigidbodyCreation.obj : error LNK2001: unresolved external symbol "public: virtual void __cdecl b2CircleShape::ComputeAABB(struct b2AABB *,struct b2Transform const &,int)const " (?ComputeAABB@b2CircleShape@@UEBAXPEAUb2AABB@@AEBUb2Transform@@H@Z)
RigidbodyCreation.obj : error LNK2001: unresolved external symbol "public: virtual void __cdecl b2CircleShape::ComputeMass(struct b2MassData *,float)const " (?ComputeMass@b2CircleShape@@UEBAXPEAUb2MassData@@M@Z)
RigidbodyCreation.obj : error LNK2019: unresolved external symbol "public: void __cdecl b2EdgeShape::Set(struct b2Vec2 const &,struct b2Vec2 const &)" (?Set@b2EdgeShape@@QEAAXAEBUb2Vec2@@0@Z) referenced in function "public: class b2Body * __cdecl RigidbodyCreation::CreateLineAtPosition(class b2World *,double,double,int,int,double,double,double,bool)" (?CreateLineAtPosition@RigidbodyCreation@@QEAAPEAVb2Body@@PEAVb2World@@NNHHNNN_N@Z)
Source.obj : error LNK2001: unresolved external symbol "public: void __cdecl b2EdgeShape::Set(struct b2Vec2 const &,struct b2Vec2 const &)" (?Set@b2EdgeShape@@QEAAXAEBUb2Vec2@@0@Z)
RigidbodyCreation.obj : error LNK2001: unresolved external symbol "public: virtual class b2Shape * __cdecl b2EdgeShape::Clone(class b2BlockAllocator *)const " (?Clone@b2EdgeShape@@UEBAPEAVb2Shape@@PEAVb2BlockAllocator@@@Z)
Source.obj : error LNK2001: unresolved external symbol "public: virtual class b2Shape * __cdecl b2EdgeShape::Clone(class b2BlockAllocator *)const " (?Clone@b2EdgeShape@@UEBAPEAVb2Shape@@PEAVb2BlockAllocator@@@Z)
RigidbodyCreation.obj : error LNK2001: unresolved external symbol "public: virtual int __cdecl b2EdgeShape::GetChildCount(void)const " (?GetChildCount@b2EdgeShape@@UEBAHXZ)
Source.obj : error LNK2001: unresolved external symbol "public: virtual int __cdecl b2EdgeShape::GetChildCount(void)const " (?GetChildCount@b2EdgeShape@@UEBAHXZ)
RigidbodyCreation.obj : error LNK2001: unresolved external symbol "public: virtual bool __cdecl b2EdgeShape::TestPoint(struct b2Transform const &,struct b2Vec2 const &)const " (?TestPoint@b2EdgeShape@@UEBA_NAEBUb2Transform@@AEBUb2Vec2@@@Z)
Source.obj : error LNK2001: unresolved external symbol "public: virtual bool __cdecl b2EdgeShape::TestPoint(struct b2Transform const &,struct b2Vec2 const &)const " (?TestPoint@b2EdgeShape@@UEBA_NAEBUb2Transform@@AEBUb2Vec2@@@Z)
RigidbodyCreation.obj : error LNK2001: unresolved external symbol "public: virtual bool __cdecl b2EdgeShape::RayCast(struct b2RayCastOutput *,struct b2RayCastInput const &,struct b2Transform const &,int)const " (?RayCast@b2EdgeShape@@UEBA_NPEAUb2RayCastOutput@@AEBUb2RayCastInput@@AEBUb2Transform@@H@Z)
Source.obj : error LNK2001: unresolved external symbol "public: virtual bool __cdecl b2EdgeShape::RayCast(struct b2RayCastOutput *,struct b2RayCastInput const &,struct b2Transform const &,int)const " (?RayCast@b2EdgeShape@@UEBA_NPEAUb2RayCastOutput@@AEBUb2RayCastInput@@AEBUb2Transform@@H@Z)
RigidbodyCreation.obj : error LNK2001: unresolved external symbol "public: virtual void __cdecl b2EdgeShape::ComputeAABB(struct b2AABB *,struct b2Transform const &,int)const " (?ComputeAABB@b2EdgeShape@@UEBAXPEAUb2AABB@@AEBUb2Transform@@H@Z)
Source.obj : error LNK2001: unresolved external symbol "public: virtual void __cdecl b2EdgeShape::ComputeAABB(struct b2AABB *,struct b2Transform const &,int)const " (?ComputeAABB@b2EdgeShape@@UEBAXPEAUb2AABB@@AEBUb2Transform@@H@Z)
RigidbodyCreation.obj : error LNK2001: unresolved external symbol "public: virtual void __cdecl b2EdgeShape::ComputeMass(struct b2MassData *,float)const " (?ComputeMass@b2EdgeShape@@UEBAXPEAUb2MassData@@M@Z)
Source.obj : error LNK2001: unresolved external symbol "public: virtual void __cdecl b2EdgeShape::ComputeMass(struct b2MassData *,float)const " (?ComputeMass@b2EdgeShape@@UEBAXPEAUb2MassData@@M@Z)
RigidbodyCreation.obj : error LNK2001: unresolved external symbol "public: virtual class b2Shape * __cdecl b2PolygonShape::Clone(class b2BlockAllocator *)const " (?Clone@b2PolygonShape@@UEBAPEAVb2Shape@@PEAVb2BlockAllocator@@@Z)
Spaceship.obj : error LNK2001: unresolved external symbol "public: virtual class b2Shape * __cdecl b2PolygonShape::Clone(class b2BlockAllocator *)const " (?Clone@b2PolygonShape@@UEBAPEAVb2Shape@@PEAVb2BlockAllocator@@@Z)
RigidbodyCreation.obj : error LNK2001: unresolved external symbol "public: virtual int __cdecl b2PolygonShape::GetChildCount(void)const " (?GetChildCount@b2PolygonShape@@UEBAHXZ)
Spaceship.obj : error LNK2001: unresolved external symbol "public: virtual int __cdecl b2PolygonShape::GetChildCount(void)const " (?GetChildCount@b2PolygonShape@@UEBAHXZ)
RigidbodyCreation.obj : error LNK2019: unresolved external symbol "public: void __cdecl b2PolygonShape::SetAsBox(float,float)" (?SetAsBox@b2PolygonShape@@QEAAXMM@Z) referenced in function "public: class b2Body * __cdecl RigidbodyCreation::CreateBoxAtPosition(class b2World *,double,double,int,int,double,double,double,bool)" (?CreateBoxAtPosition@RigidbodyCreation@@QEAAPEAVb2Body@@PEAVb2World@@NNHHNNN_N@Z)
Spaceship.obj : error LNK2001: unresolved external symbol "public: void __cdecl b2PolygonShape::SetAsBox(float,float)" (?SetAsBox@b2PolygonShape@@QEAAXMM@Z)
RigidbodyCreation.obj : error LNK2001: unresolved external symbol "public: virtual bool __cdecl b2PolygonShape::TestPoint(struct b2Transform const &,struct b2Vec2 const &)const " (?TestPoint@b2PolygonShape@@UEBA_NAEBUb2Transform@@AEBUb2Vec2@@@Z)
Spaceship.obj : error LNK2001: unresolved external symbol "public: virtual bool __cdecl b2PolygonShape::TestPoint(struct b2Transform const &,struct b2Vec2 const &)const " (?TestPoint@b2PolygonShape@@UEBA_NAEBUb2Transform@@AEBUb2Vec2@@@Z)
RigidbodyCreation.obj : error LNK2001: unresolved external symbol "public: virtual bool __cdecl b2PolygonShape::RayCast(struct b2RayCastOutput *,struct b2RayCastInput const &,struct b2Transform const &,int)const " (?RayCast@b2PolygonShape@@UEBA_NPEAUb2RayCastOutput@@AEBUb2RayCastInput@@AEBUb2Transform@@H@Z)
Spaceship.obj : error LNK2001: unresolved external symbol "public: virtual bool __cdecl b2PolygonShape::RayCast(struct b2RayCastOutput *,struct b2RayCastInput const &,struct b2Transform const &,int)const " (?RayCast@b2PolygonShape@@UEBA_NPEAUb2RayCastOutput@@AEBUb2RayCastInput@@AEBUb2Transform@@H@Z)
RigidbodyCreation.obj : error LNK2001: unresolved external symbol "public: virtual void __cdecl b2PolygonShape::ComputeAABB(struct b2AABB *,struct b2Transform const &,int)const " (?ComputeAABB@b2PolygonShape@@UEBAXPEAUb2AABB@@AEBUb2Transform@@H@Z)
Spaceship.obj : error LNK2001: unresolved external symbol "public: virtual void __cdecl b2PolygonShape::ComputeAABB(struct b2AABB *,struct b2Transform const &,int)const " (?ComputeAABB@b2PolygonShape@@UEBAXPEAUb2AABB@@AEBUb2Transform@@H@Z)
RigidbodyCreation.obj : error LNK2001: unresolved external symbol "public: virtual void __cdecl b2PolygonShape::ComputeMass(struct b2MassData *,float)const " (?ComputeMass@b2PolygonShape@@UEBAXPEAUb2MassData@@M@Z)
Spaceship.obj : error LNK2001: unresolved external symbol "public: virtual void __cdecl b2PolygonShape::ComputeMass(struct b2MassData *,float)const " (?ComputeMass@b2PolygonShape@@UEBAXPEAUb2MassData@@M@Z)
RigidbodyCreation.obj : error LNK2019: unresolved external symbol "public: class b2Fixture * __cdecl b2Body::CreateFixture(struct b2FixtureDef const *)" (?CreateFixture@b2Body@@QEAAPEAVb2Fixture@@PEBUb2FixtureDef@@@Z) referenced in function "public: class b2Body * __cdecl RigidbodyCreation::CreateBoxAtPosition(class b2World *,double,double,int,int,double,double,double,bool)" (?CreateBoxAtPosition@RigidbodyCreation@@QEAAPEAVb2Body@@PEAVb2World@@NNHHNNN_N@Z)
Spaceship.obj : error LNK2001: unresolved external symbol "public: class b2Fixture * __cdecl b2Body::CreateFixture(struct b2FixtureDef const *)" (?CreateFixture@b2Body@@QEAAPEAVb2Fixture@@PEBUb2FixtureDef@@@Z)
RigidbodyCreation.obj : error LNK2019: unresolved external symbol "public: class b2Fixture * __cdecl b2Body::CreateFixture(class b2Shape const *,float)" (?CreateFixture@b2Body@@QEAAPEAVb2Fixture@@PEBVb2Shape@@M@Z) referenced in function "public: class b2Body * __cdecl RigidbodyCreation::CreateLineAtPosition(class b2World *,double,double,int,int,double,double,double,bool)" (?CreateLineAtPosition@RigidbodyCreation@@QEAAPEAVb2Body@@PEAVb2World@@NNHHNNN_N@Z)
Source.obj : error LNK2001: unresolved external symbol "public: class b2Fixture * __cdecl b2Body::CreateFixture(class b2Shape const *,float)" (?CreateFixture@b2Body@@QEAAPEAVb2Fixture@@PEBVb2Shape@@M@Z)
RigidbodyCreation.obj : error LNK2019: unresolved external symbol "public: class b2Body * __cdecl b2World::CreateBody(struct b2BodyDef const *)" (?CreateBody@b2World@@QEAAPEAVb2Body@@PEBUb2BodyDef@@@Z) referenced in function "public: class b2Body * __cdecl RigidbodyCreation::CreateBoxAtPosition(class b2World *,double,double,int,int,double,double,double,bool)" (?CreateBoxAtPosition@RigidbodyCreation@@QEAAPEAVb2Body@@PEAVb2World@@NNHHNNN_N@Z)
Source.obj : error LNK2001: unresolved external symbol "public: class b2Body * __cdecl b2World::CreateBody(struct b2BodyDef const *)" (?CreateBody@b2World@@QEAAPEAVb2Body@@PEBUb2BodyDef@@@Z)
Spaceship.obj : error LNK2001: unresolved external symbol "public: class b2Body * __cdecl b2World::CreateBody(struct b2BodyDef const *)" (?CreateBody@b2World@@QEAAPEAVb2Body@@PEBUb2BodyDef@@@Z)
Source.obj : error LNK2019: unresolved external symbol glfwInit referenced in function main
Source.obj : error LNK2019: unresolved external symbol glfwTerminate referenced in function main
Source.obj : error LNK2019: unresolved external symbol glfwSetErrorCallback referenced in function main
Source.obj : error LNK2019: unresolved external symbol glfwCreateWindow referenced in function main
Source.obj : error LNK2019: unresolved external symbol glfwDestroyWindow referenced in function main
Source.obj : error LNK2019: unresolved external symbol glfwWindowShouldClose referenced in function main
Source.obj : error LNK2019: unresolved external symbol glfwSetWindowShouldClose referenced in function "void __cdecl key_callback(struct GLFWwindow *,int,int,int,int)" (?key_callback@@YAXPEAUGLFWwindow@@HHHH@Z)
Source.obj : error LNK2019: unresolved external symbol glfwGetFramebufferSize referenced in function main
Source.obj : error LNK2019: unresolved external symbol glfwPollEvents referenced in function main
Source.obj : error LNK2019: unresolved external symbol glfwSetInputMode referenced in function main
Source.obj : error LNK2019: unresolved external symbol glfwGetCursorPos referenced in function main
Source.obj : error LNK2019: unresolved external symbol glfwSetKeyCallback referenced in function main
Source.obj : error LNK2019: unresolved external symbol glfwMakeContextCurrent referenced in function main
Source.obj : error LNK2019: unresolved external symbol glfwSwapBuffers referenced in function main
Source.obj : error LNK2019: unresolved external symbol glfwSwapInterval referenced in function main
Source.obj : error LNK2019: unresolved external symbol "public: __cdecl b2Draw::b2Draw(void)" (??0b2Draw@@QEAA@XZ) referenced in function "public: __cdecl DebugDraw::DebugDraw(void)" (??0DebugDraw@@QEAA@XZ)
Source.obj : error LNK2019: unresolved external symbol "public: __cdecl b2World::b2World(struct b2Vec2 const &)" (??0b2World@@QEAA@AEBUb2Vec2@@@Z) referenced in function "void __cdecl InitBox2D(void)" (?InitBox2D@@YAXXZ)
Source.obj : error LNK2019: unresolved external symbol "public: void __cdecl b2World::Step(float,int,int)" (?Step@b2World@@QEAAXMHH@Z) referenced in function "void __cdecl RunBox2D(void)" (?RunBox2D@@YAXXZ)
Source.obj : error LNK2019: unresolved external symbol "public: void __cdecl b2World::ClearForces(void)" (?ClearForces@b2World@@QEAAXXZ) referenced in function "void __cdecl RunBox2D(void)" (?RunBox2D@@YAXXZ)
../../Box2D-lib/lib\Box2D.lib : warning LNK4272: library machine type 'X86' conflicts with target machine type 'x64'
../../GLFW-3.1.2-lib/lib\glfw3.lib : warning LNK4272: library machine type 'X86' conflicts with target machine type 'x64'
C:\Users\joaopedrosr\Desktop\Rep\GrauA-Physics\_GrauA\x64\Debug\exFisica19.exe : fatal error LNK1120: 42 unresolved externals
