f:\work\unisinos\repositories\lunarlander-graua-physcis\_graua\exfisica19\debug\vc140.pdb
f:\work\unisinos\repositories\lunarlander-graua-physcis\_graua\exfisica19\debug\vc140.idb
f:\work\unisinos\repositories\lunarlander-graua-physcis\_graua\exfisica19\debug\platforms.obj
f:\work\unisinos\repositories\lunarlander-graua-physcis\_graua\exfisica19\debug\render.obj
f:\work\unisinos\repositories\lunarlander-graua-physcis\_graua\exfisica19\debug\rigidbodycreation.obj
f:\work\unisinos\repositories\lunarlander-graua-physcis\_graua\exfisica19\debug\source.obj
f:\work\unisinos\repositories\lunarlander-graua-physcis\_graua\exfisica19\debug\spaceship.obj
f:\work\unisinos\repositories\lunarlander-graua-physcis\_graua\debug\exfisica19.pdb
f:\work\unisinos\repositories\lunarlander-graua-physcis\_graua\exfisica19\debug\exfisica19.tlog\cl.command.1.tlog
f:\work\unisinos\repositories\lunarlander-graua-physcis\_graua\exfisica19\debug\exfisica19.tlog\cl.read.1.tlog
f:\work\unisinos\repositories\lunarlander-graua-physcis\_graua\exfisica19\debug\exfisica19.tlog\cl.write.1.tlog
f:\work\unisinos\repositories\lunarlander-graua-physcis\_graua\exfisica19\debug\exfisica19.tlog\link-cvtres.read.1.tlog
f:\work\unisinos\repositories\lunarlander-graua-physcis\_graua\exfisica19\debug\exfisica19.tlog\link-cvtres.write.1.tlog
f:\work\unisinos\repositories\lunarlander-graua-physcis\_graua\exfisica19\debug\exfisica19.tlog\link-rc.read.1.tlog
f:\work\unisinos\repositories\lunarlander-graua-physcis\_graua\exfisica19\debug\exfisica19.tlog\link-rc.write.1.tlog
f:\work\unisinos\repositories\lunarlander-graua-physcis\_graua\exfisica19\debug\exfisica19.tlog\link.1140-cvtres.read.1.tlog
f:\work\unisinos\repositories\lunarlander-graua-physcis\_graua\exfisica19\debug\exfisica19.tlog\link.1140-cvtres.write.1.tlog
f:\work\unisinos\repositories\lunarlander-graua-physcis\_graua\exfisica19\debug\exfisica19.tlog\link.1140-rc.read.1.tlog
f:\work\unisinos\repositories\lunarlander-graua-physcis\_graua\exfisica19\debug\exfisica19.tlog\link.1140-rc.write.1.tlog
f:\work\unisinos\repositories\lunarlander-graua-physcis\_graua\exfisica19\debug\exfisica19.tlog\link.1140.read.1.tlog
f:\work\unisinos\repositories\lunarlander-graua-physcis\_graua\exfisica19\debug\exfisica19.tlog\link.1140.write.1.tlog
f:\work\unisinos\repositories\lunarlander-graua-physcis\_graua\exfisica19\debug\exfisica19.tlog\link.command.1.tlog
f:\work\unisinos\repositories\lunarlander-graua-physcis\_graua\exfisica19\debug\exfisica19.tlog\link.read.1.tlog
f:\work\unisinos\repositories\lunarlander-graua-physcis\_graua\exfisica19\debug\exfisica19.tlog\link.write.1.tlog
