  TextHandler.cpp
f:\work\unisinos\repositories\lunarlander-graua-physcis\_graua\exfisica19\texthandler.h(20): error C3646: 'ftl': unknown override specifier
f:\work\unisinos\repositories\lunarlander-graua-physcis\_graua\exfisica19\texthandler.h(20): error C4430: missing type specifier - int assumed. Note: C++ does not support default-int
f:\work\unisinos\repositories\lunarlander-graua-physcis\_graua\exfisica19\texthandler.h(21): error C3646: 'ftf': unknown override specifier
f:\work\unisinos\repositories\lunarlander-graua-physcis\_graua\exfisica19\texthandler.h(21): error C4430: missing type specifier - int assumed. Note: C++ does not support default-int
f:\work\unisinos\repositories\lunarlander-graua-physcis\_graua\exfisica19\texthandler.h(14): error C2065: 'ftf': undeclared identifier
f:\work\unisinos\repositories\lunarlander-graua-physcis\_graua\exfisica19\texthandler.h(14): error C3861: 'FT_Set_Pixel_Sizes': identifier not found
f:\work\unisinos\repositories\lunarlander-graua-physcis\_graua\exfisica19\texthandler.h(25): error C3646: 'TextureID': unknown override specifier
f:\work\unisinos\repositories\lunarlander-graua-physcis\_graua\exfisica19\texthandler.h(25): error C4430: missing type specifier - int assumed. Note: C++ does not support default-int
f:\work\unisinos\repositories\lunarlander-graua-physcis\_graua\exfisica19\texthandler.h(30): error C3646: 'Advance': unknown override specifier
f:\work\unisinos\repositories\lunarlander-graua-physcis\_graua\exfisica19\texthandler.h(30): error C4430: missing type specifier - int assumed. Note: C++ does not support default-int
f:\work\unisinos\repositories\lunarlander-graua-physcis\_graua\exfisica19\texthandler.h(33): error C2039: 'map': is not a member of 'std'
  f:\work\unisinos\repositories\lunarlander-graua-physcis\_graua\exfisica19\predefined c++ types (compiler internal)(208): note: see declaration of 'std'
f:\work\unisinos\repositories\lunarlander-graua-physcis\_graua\exfisica19\texthandler.h(33): error C2143: syntax error: missing ';' before '<'
f:\work\unisinos\repositories\lunarlander-graua-physcis\_graua\exfisica19\texthandler.h(33): error C4430: missing type specifier - int assumed. Note: C++ does not support default-int
f:\work\unisinos\repositories\lunarlander-graua-physcis\_graua\exfisica19\texthandler.cpp(16): error C2065: 'ftl': undeclared identifier
f:\work\unisinos\repositories\lunarlander-graua-physcis\_graua\exfisica19\texthandler.cpp(16): error C3861: 'FT_Init_FreeType': identifier not found
f:\work\unisinos\repositories\lunarlander-graua-physcis\_graua\exfisica19\texthandler.cpp(17): error C2039: 'cout': is not a member of 'std'
  f:\work\unisinos\repositories\lunarlander-graua-physcis\_graua\exfisica19\predefined c++ types (compiler internal)(208): note: see declaration of 'std'
f:\work\unisinos\repositories\lunarlander-graua-physcis\_graua\exfisica19\texthandler.cpp(17): error C2065: 'cout': undeclared identifier
f:\work\unisinos\repositories\lunarlander-graua-physcis\_graua\exfisica19\texthandler.cpp(17): error C2039: 'endl': is not a member of 'std'
  f:\work\unisinos\repositories\lunarlander-graua-physcis\_graua\exfisica19\predefined c++ types (compiler internal)(208): note: see declaration of 'std'
f:\work\unisinos\repositories\lunarlander-graua-physcis\_graua\exfisica19\texthandler.cpp(17): error C2065: 'endl': undeclared identifier
f:\work\unisinos\repositories\lunarlander-graua-physcis\_graua\exfisica19\texthandler.cpp(19): error C2065: 'ftl': undeclared identifier
f:\work\unisinos\repositories\lunarlander-graua-physcis\_graua\exfisica19\texthandler.cpp(19): error C2065: 'ftf': undeclared identifier
f:\work\unisinos\repositories\lunarlander-graua-physcis\_graua\exfisica19\texthandler.cpp(19): error C3861: 'FT_New_Face': identifier not found
f:\work\unisinos\repositories\lunarlander-graua-physcis\_graua\exfisica19\texthandler.cpp(20): error C2039: 'cout': is not a member of 'std'
  f:\work\unisinos\repositories\lunarlander-graua-physcis\_graua\exfisica19\predefined c++ types (compiler internal)(208): note: see declaration of 'std'
f:\work\unisinos\repositories\lunarlander-graua-physcis\_graua\exfisica19\texthandler.cpp(20): error C2065: 'cout': undeclared identifier
f:\work\unisinos\repositories\lunarlander-graua-physcis\_graua\exfisica19\texthandler.cpp(20): error C2039: 'endl': is not a member of 'std'
  f:\work\unisinos\repositories\lunarlander-graua-physcis\_graua\exfisica19\predefined c++ types (compiler internal)(208): note: see declaration of 'std'
f:\work\unisinos\repositories\lunarlander-graua-physcis\_graua\exfisica19\texthandler.cpp(20): error C2065: 'endl': undeclared identifier
f:\work\unisinos\repositories\lunarlander-graua-physcis\_graua\exfisica19\texthandler.cpp(24): error C3646: 'glPixelStorei': unknown override specifier
f:\work\unisinos\repositories\lunarlander-graua-physcis\_graua\exfisica19\texthandler.cpp(24): error C2059: syntax error: '('
f:\work\unisinos\repositories\lunarlander-graua-physcis\_graua\exfisica19\texthandler.cpp(26): error C2059: syntax error: 'for'
f:\work\unisinos\repositories\lunarlander-graua-physcis\_graua\exfisica19\texthandler.cpp(26): error C2143: syntax error: missing ';' before '<'
f:\work\unisinos\repositories\lunarlander-graua-physcis\_graua\exfisica19\texthandler.cpp(26): error C4430: missing type specifier - int assumed. Note: C++ does not support default-int
f:\work\unisinos\repositories\lunarlander-graua-physcis\_graua\exfisica19\texthandler.cpp(26): error C2143: syntax error: missing ';' before '++'
f:\work\unisinos\repositories\lunarlander-graua-physcis\_graua\exfisica19\texthandler.cpp(26): error C2086: 'int c': redefinition
  f:\work\unisinos\repositories\lunarlander-graua-physcis\_graua\exfisica19\texthandler.cpp(26): note: see declaration of 'c'
f:\work\unisinos\repositories\lunarlander-graua-physcis\_graua\exfisica19\texthandler.cpp(26): error C2059: syntax error: ')'
f:\work\unisinos\repositories\lunarlander-graua-physcis\_graua\exfisica19\texthandler.cpp(27): error C2143: syntax error: missing ';' before '{'
f:\work\unisinos\repositories\lunarlander-graua-physcis\_graua\exfisica19\texthandler.cpp(27): error C2447: '{': missing function header (old-style formal list?)
  Spaceship.cpp
f:\work\unisinos\repositories\lunarlander-graua-physcis\_graua\exfisica19\spaceship.cpp(27): warning C4244: 'argument': conversion from 'double' to 'float32', possible loss of data
f:\work\unisinos\repositories\lunarlander-graua-physcis\_graua\exfisica19\spaceship.cpp(39): warning C4305: '=': truncation from 'double' to 'float32'
f:\work\unisinos\repositories\lunarlander-graua-physcis\_graua\exfisica19\spaceship.cpp(68): warning C4305: '*=': truncation from 'double' to 'float32'
f:\work\unisinos\repositories\lunarlander-graua-physcis\_graua\exfisica19\spaceship.cpp(72): warning C4305: '*=': truncation from 'double' to 'float32'
  Source.cpp
f:\work\unisinos\repositories\lunarlander-graua-physcis\_graua\exfisica19\platforms.h(31): warning C4244: 'argument': conversion from 'double' to 'float32', possible loss of data
f:\work\unisinos\repositories\lunarlander-graua-physcis\_graua\exfisica19\source.cpp(211): warning C4244: 'argument': conversion from 'time_t' to 'unsigned int', possible loss of data
  RigidbodyCreation.cpp
f:\work\unisinos\repositories\lunarlander-graua-physcis\_graua\exfisica19\rigidbodycreation.cpp(30): warning C4244: 'argument': conversion from 'double' to 'float32', possible loss of data
f:\work\unisinos\repositories\lunarlander-graua-physcis\_graua\exfisica19\rigidbodycreation.cpp(35): warning C4244: 'argument': conversion from 'int' to 'float32', possible loss of data
f:\work\unisinos\repositories\lunarlander-graua-physcis\_graua\exfisica19\rigidbodycreation.cpp(62): warning C4244: 'argument': conversion from 'double' to 'float32', possible loss of data
f:\work\unisinos\repositories\lunarlander-graua-physcis\_graua\exfisica19\rigidbodycreation.cpp(66): warning C4244: '=': conversion from 'int' to 'float32', possible loss of data
f:\work\unisinos\repositories\lunarlander-graua-physcis\_graua\exfisica19\rigidbodycreation.cpp(103): warning C4244: 'argument': conversion from 'double' to 'float32', possible loss of data
f:\work\unisinos\repositories\lunarlander-graua-physcis\_graua\exfisica19\rigidbodycreation.cpp(103): warning C4244: 'argument': conversion from 'int' to 'float32', possible loss of data
f:\work\unisinos\repositories\lunarlander-graua-physcis\_graua\exfisica19\rigidbodycreation.cpp(108): warning C4244: '=': conversion from 'double' to 'float32', possible loss of data
f:\work\unisinos\repositories\lunarlander-graua-physcis\_graua\exfisica19\rigidbodycreation.cpp(109): warning C4244: '=': conversion from 'double' to 'float32', possible loss of data
f:\work\unisinos\repositories\lunarlander-graua-physcis\_graua\exfisica19\rigidbodycreation.cpp(110): warning C4244: '=': conversion from 'double' to 'float32', possible loss of data
f:\work\unisinos\repositories\lunarlander-graua-physcis\_graua\exfisica19\rigidbodycreation.cpp(112): warning C4244: 'argument': conversion from 'double' to 'float32', possible loss of data
f:\work\unisinos\repositories\lunarlander-graua-physcis\_graua\exfisica19\rigidbodycreation.cpp(169): warning C4244: 'argument': conversion from 'double' to 'int', possible loss of data
  Render.cpp
  Platforms.cpp
f:\work\unisinos\repositories\lunarlander-graua-physcis\_graua\exfisica19\platforms.h(31): warning C4244: 'argument': conversion from 'double' to 'float32', possible loss of data
  Generating Code...
